
entering /tmp/meower/server and running npm install -y ; npm run start 
2020-03-09T07:19:03.854-0400 I  CONTROL  [main] Automatically disabling TLS 1.0, to force-enable TLS 1.0 specify --sslDisabledProtocols 'none'
entering /tmp/meower/client and running npm install -y ; npm run start 
2020-03-09T07:19:03.856-0400 I  CONTROL  [initandlisten] MongoDB starting : pid=344102 port=27017 dbpath=/data/db 64-bit host=development
2020-03-09T07:19:03.857-0400 I  CONTROL  [initandlisten] db version v4.2.3
2020-03-09T07:19:03.857-0400 I  CONTROL  [initandlisten] git version: 6874650b362138df74be53d366bbefc321ea32d4
2020-03-09T07:19:03.857-0400 I  CONTROL  [initandlisten] OpenSSL version: OpenSSL 1.1.1d  10 Sep 2019
2020-03-09T07:19:03.857-0400 I  CONTROL  [initandlisten] allocator: tcmalloc
2020-03-09T07:19:03.857-0400 I  CONTROL  [initandlisten] modules: none
2020-03-09T07:19:03.857-0400 I  CONTROL  [initandlisten] build environment:
2020-03-09T07:19:03.857-0400 I  CONTROL  [initandlisten]     distmod: ubuntu1804
2020-03-09T07:19:03.857-0400 I  CONTROL  [initandlisten]     distarch: x86_64
2020-03-09T07:19:03.857-0400 I  CONTROL  [initandlisten]     target_arch: x86_64
2020-03-09T07:19:03.857-0400 I  CONTROL  [initandlisten] options: {}
2020-03-09T07:19:03.857-0400 I  STORAGE  [initandlisten] exception in initAndListen: NonExistentPath: Data directory /data/db not found., terminating
2020-03-09T07:19:03.857-0400 I  NETWORK  [initandlisten] shutdown: going to close listening sockets...
2020-03-09T07:19:03.857-0400 I  -        [initandlisten] Stopping further Flow Control ticket acquisitions.
2020-03-09T07:19:03.857-0400 I  CONTROL  [initandlisten] now exiting
2020-03-09T07:19:03.857-0400 I  CONTROL  [initandlisten] shutting down with code:100
npm WARN client@1.0.0 No description
npm WARN client@1.0.0 No repository field.
npm WARN optional SKIPPING OPTIONAL DEPENDENCY: fsevents@1.2.11 (node_modules/fsevents):
npm WARN notsup SKIPPING OPTIONAL DEPENDENCY: Unsupported platform for fsevents@1.2.11: wanted {"os":"darwin","arch":"any"} (current: {"os":"linux","arch":"x64"})

added 191 packages from 149 contributors and audited 2243 packages in 3.46s
found 0 vulnerabilities


> client@1.0.0 start /tmp/meower/client
> live-server --no-browser --cors

[32mServing "/tmp/meower/client" at http://127.0.0.1:8080[39m

> nodemon@1.19.1 postinstall /tmp/meower/server/node_modules/nodemon
> node bin/postinstall || exit 0

npm WARN server@1.0.0 No description
npm WARN server@1.0.0 No repository field.
npm WARN optional SKIPPING OPTIONAL DEPENDENCY: fsevents@1.2.9 (node_modules/fsevents):
npm WARN notsup SKIPPING OPTIONAL DEPENDENCY: Unsupported platform for fsevents@1.2.9: wanted {"os":"darwin","arch":"any"} (current: {"os":"linux","arch":"x64"})

added 289 packages from 186 contributors and audited 2438 packages in 4.598s
[36mReady for changes[39m
found 1 high severity vulnerability
  run `npm audit fix` to fix them, or `npm audit` for details

> server@1.0.0 start /tmp/meower/server
> node index.js

